0 info it worked if it ends with ok
1 verbose cli [ 'node', '/usr/local/bin/npm', 'install', 'express-bodyparser' ]
2 info using npm@1.4.28
3 info using node@v0.10.34
4 verbose cache add [ 'express-bodyparser', null ]
5 verbose cache add name=undefined spec="express-bodyparser" args=["express-bodyparser",null]
6 verbose parsed url { protocol: null,
6 verbose parsed url   slashes: null,
6 verbose parsed url   auth: null,
6 verbose parsed url   host: null,
6 verbose parsed url   port: null,
6 verbose parsed url   hostname: null,
6 verbose parsed url   hash: null,
6 verbose parsed url   search: null,
6 verbose parsed url   query: null,
6 verbose parsed url   pathname: 'express-bodyparser',
6 verbose parsed url   path: 'express-bodyparser',
6 verbose parsed url   href: 'express-bodyparser' }
7 silly lockFile 5bd6e37b-express-bodyparser express-bodyparser
8 verbose lock express-bodyparser /Users/yehudasilbermintz/.npm/5bd6e37b-express-bodyparser.lock
9 silly lockFile 5bd6e37b-express-bodyparser express-bodyparser
10 silly lockFile 5bd6e37b-express-bodyparser express-bodyparser
11 verbose addNamed [ 'express-bodyparser', '' ]
12 verbose addNamed [ null, '*' ]
13 silly lockFile e25467c3-express-bodyparser express-bodyparser@
14 verbose lock express-bodyparser@ /Users/yehudasilbermintz/.npm/e25467c3-express-bodyparser.lock
15 silly addNameRange { name: 'express-bodyparser', range: '*', hasData: false }
16 verbose request where is /express-bodyparser
17 verbose request registry https://registry.npmjs.org/
18 verbose request id a1524baffa1f967b
19 verbose url raw /express-bodyparser
20 verbose url resolving [ 'https://registry.npmjs.org/', './express-bodyparser' ]
21 verbose url resolved https://registry.npmjs.org/express-bodyparser
22 verbose request where is https://registry.npmjs.org/express-bodyparser
23 info trying registry request attempt 1 at 13:42:23
24 http GET https://registry.npmjs.org/express-bodyparser
25 http 404 https://registry.npmjs.org/express-bodyparser
26 silly registry.get cb [ 404,
26 silly registry.get   { date: 'Fri, 26 Dec 2014 21:42:25 GMT',
26 silly registry.get     server: 'CouchDB/1.5.0 (Erlang OTP/R16B03)',
26 silly registry.get     etag: '"EFSXG6F7HAWLEE9SGFFYQ6MUB"',
26 silly registry.get     'content-type': 'application/json',
26 silly registry.get     'cache-control': 'max-age=0',
26 silly registry.get     'content-length': '526',
26 silly registry.get     'accept-ranges': 'bytes',
26 silly registry.get     via: '1.1 varnish',
26 silly registry.get     age: '0',
26 silly registry.get     'x-served-by': 'cache-lax1425-LAX',
26 silly registry.get     'x-cache': 'MISS',
26 silly registry.get     'x-cache-hits': '0',
26 silly registry.get     'x-timer': 'S1419630145.092920,VS0,VE74',
26 silly registry.get     vary: 'Accept',
26 silly registry.get     'keep-alive': 'timeout=10, max=50',
26 silly registry.get     connection: 'Keep-Alive' } ]
27 silly lockFile e25467c3-express-bodyparser express-bodyparser@
28 silly lockFile e25467c3-express-bodyparser express-bodyparser@
29 error 404 Not Found
29 error 404
29 error 404 'express-bodyparser' is not in the npm registry.
29 error 404 You should bug the author to publish it
29 error 404
29 error 404 Note that you can also install from a
29 error 404 tarball, folder, or http url, or git url.
30 error System Darwin 14.0.0
31 error command "node" "/usr/local/bin/npm" "install" "express-bodyparser"
32 error cwd /Users/yehudasilbermintz/Dropbox/Web/WheelOfCats
33 error node -v v0.10.34
34 error npm -v 1.4.28
35 error code E404
36 verbose exit [ 1, true ]
